# JRE version: OpenJDK Runtime Environment (8.0_152-b01) (build 1.8.0_152-release-1343-b01)
# Java VM: OpenJDK 64-Bit Server VM (25.152-b01 mixed mode windows-amd64 compressed oops)
Heap:
 PSYoungGen      total 242176K, used 129695K [0x00000000eab00000, 0x00000000fb200000, 0x0000000100000000)
  eden space 224256K, 51% used [0x00000000eab00000,0x00000000f1bd0710,0x00000000f8600000)
  from space 17920K, 79% used [0x00000000fa080000,0x00000000fae575d0,0x00000000fb200000)
  to   space 22528K, 0% used [0x00000000f8600000,0x00000000f8600000,0x00000000f9c00000)
 ParOldGen       total 204800K, used 36666K [0x00000000c0000000, 0x00000000cc800000, 0x00000000eab00000)
  object space 204800K, 17% used [0x00000000c0000000,0x00000000c23ce918,0x00000000cc800000)
 Metaspace       used 70539K, capacity 72542K, committed 72792K, reserved 1112064K
  class space    used 9257K, capacity 9737K, committed 9856K, reserved 1048576K
GC Heap History (10 events):
Event: 4.875 GC heap before
{Heap before GC invocations=9 (full 2):
 PSYoungGen      total 164864K, used 152576K [0x00000000eab00000, 0x00000000f5d00000, 0x0000000100000000)
  eden space 152576K, 100% used [0x00000000eab00000,0x00000000f4000000,0x00000000f4000000)
  from space 12288K, 0% used [0x00000000f4e00000,0x00000000f4e00000,0x00000000f5a00000)
  to   space 14336K, 0% used [0x00000000f4000000,0x00000000f4000000,0x00000000f4e00000)
 ParOldGen       total 134144K, used 18829K [0x00000000c0000000, 0x00000000c8300000, 0x00000000eab00000)
  object space 134144K, 14% used [0x00000000c0000000,0x00000000c12634a8,0x00000000c8300000)
 Metaspace       used 49604K, capacity 50544K, committed 51032K, reserved 1093632K
  class space    used 6690K, capacity 6957K, committed 7040K, reserved 1048576K
Event: 4.889 GC heap after
Heap after GC invocations=9 (full 2):
 PSYoungGen      total 166912K, used 14308K [0x00000000eab00000, 0x00000000f9780000, 0x0000000100000000)
  eden space 152576K, 0% used [0x00000000eab00000,0x00000000eab00000,0x00000000f4000000)
  from space 14336K, 99% used [0x00000000f4000000,0x00000000f4df90d0,0x00000000f4e00000)
  to   space 17920K, 0% used [0x00000000f8600000,0x00000000f8600000,0x00000000f9780000)
 ParOldGen       total 134144K, used 22882K [0x00000000c0000000, 0x00000000c8300000, 0x00000000eab00000)
  object space 134144K, 17% used [0x00000000c0000000,0x00000000c1658900,0x00000000c8300000)
 Metaspace       used 49604K, capacity 50544K, committed 51032K, reserved 1093632K
  class space    used 6690K, capacity 6957K, committed 7040K, reserved 1048576K
}
Event: 5.772 GC heap before
{Heap before GC invocations=10 (full 2):
 PSYoungGen      total 166912K, used 145146K [0x00000000eab00000, 0x00000000f9780000, 0x0000000100000000)
  eden space 152576K, 85% used [0x00000000eab00000,0x00000000f2ac5948,0x00000000f4000000)
  from space 14336K, 99% used [0x00000000f4000000,0x00000000f4df90d0,0x00000000f4e00000)
  to   space 17920K, 0% used [0x00000000f8600000,0x00000000f8600000,0x00000000f9780000)
 ParOldGen       total 134144K, used 22882K [0x00000000c0000000, 0x00000000c8300000, 0x00000000eab00000)
  object space 134144K, 17% used [0x00000000c0000000,0x00000000c1658900,0x00000000c8300000)
 Metaspace       used 57479K, capacity 58950K, committed 59028K, reserved 1099776K
  class space    used 7784K, capacity 8175K, committed 8192K, reserved 1048576K
Event: 5.787 GC heap after
Heap after GC invocations=10 (full 2):
 PSYoungGen      total 219648K, used 17903K [0x00000000eab00000, 0x00000000fa100000, 0x0000000100000000)
  eden space 201728K, 0% used [0x00000000eab00000,0x00000000eab00000,0x00000000f7000000)
  from space 17920K, 99% used [0x00000000f8600000,0x00000000f977bc80,0x00000000f9780000)
  to   space 22528K, 0% used [0x00000000f7000000,0x00000000f7000000,0x00000000f8600000)
 ParOldGen       total 134144K, used 27590K [0x00000000c0000000, 0x00000000c8300000, 0x00000000eab00000)
  object space 134144K, 20% used [0x00000000c0000000,0x00000000c1af1a78,0x00000000c8300000)
 Metaspace       used 57479K, capacity 58950K, committed 59028K, reserved 1099776K
  class space    used 7784K, capacity 8175K, committed 8192K, reserved 1048576K
}
Event: 5.787 GC heap before
{Heap before GC invocations=11 (full 3):
 PSYoungGen      total 219648K, used 17903K [0x00000000eab00000, 0x00000000fa100000, 0x0000000100000000)
  eden space 201728K, 0% used [0x00000000eab00000,0x00000000eab00000,0x00000000f7000000)
  from space 17920K, 99% used [0x00000000f8600000,0x00000000f977bc80,0x00000000f9780000)
  to   space 22528K, 0% used [0x00000000f7000000,0x00000000f7000000,0x00000000f8600000)
 ParOldGen       total 134144K, used 27590K [0x00000000c0000000, 0x00000000c8300000, 0x00000000eab00000)
  object space 134144K, 20% used [0x00000000c0000000,0x00000000c1af1a78,0x00000000c8300000)
 Metaspace       used 57479K, capacity 58950K, committed 59028K, reserved 1099776K
  class space    used 7784K, capacity 8175K, committed 8192K, reserved 1048576K
Event: 5.971 GC heap after
Heap after GC invocations=11 (full 3):
 PSYoungGen      total 219648K, used 0K [0x00000000eab00000, 0x00000000fa100000, 0x0000000100000000)
  eden space 201728K, 0% used [0x00000000eab00000,0x00000000eab00000,0x00000000f7000000)
  from space 17920K, 0% used [0x00000000f8600000,0x00000000f8600000,0x00000000f9780000)
  to   space 22528K, 0% used [0x00000000f7000000,0x00000000f7000000,0x00000000f8600000)
 ParOldGen       total 204800K, used 36650K [0x00000000c0000000, 0x00000000cc800000, 0x00000000eab00000)
  object space 204800K, 17% used [0x00000000c0000000,0x00000000c23ca918,0x00000000cc800000)
 Metaspace       used 57479K, capacity 58950K, committed 59028K, reserved 1099776K
  class space    used 7784K, capacity 8175K, committed 8192K, reserved 1048576K
}
Event: 10.348 GC heap before
{Heap before GC invocations=12 (full 3):
 PSYoungGen      total 219648K, used 201728K [0x00000000eab00000, 0x00000000fa100000, 0x0000000100000000)
  eden space 201728K, 100% used [0x00000000eab00000,0x00000000f7000000,0x00000000f7000000)
  from space 17920K, 0% used [0x00000000f8600000,0x00000000f8600000,0x00000000f9780000)
  to   space 22528K, 0% used [0x00000000f7000000,0x00000000f7000000,0x00000000f8600000)
 ParOldGen       total 204800K, used 36650K [0x00000000c0000000, 0x00000000cc800000, 0x00000000eab00000)
  object space 204800K, 17% used [0x00000000c0000000,0x00000000c23ca918,0x00000000cc800000)
 Metaspace       used 62634K, capacity 64690K, committed 64984K, reserved 1105920K
  class space    used 8436K, capacity 8941K, committed 8960K, reserved 1048576K
Event: 10.362 GC heap after
Heap after GC invocations=12 (full 3):
 PSYoungGen      total 224256K, used 15888K [0x00000000eab00000, 0x00000000fb700000, 0x0000000100000000)
  eden space 201728K, 0% used [0x00000000eab00000,0x00000000eab00000,0x00000000f7000000)
  from space 22528K, 70% used [0x00000000f7000000,0x00000000f7f84298,0x00000000f8600000)
  to   space 23040K, 0% used [0x00000000fa080000,0x00000000fa080000,0x00000000fb700000)
 ParOldGen       total 204800K, used 36658K [0x00000000c0000000, 0x00000000cc800000, 0x00000000eab00000)
  object space 204800K, 17% used [0x00000000c0000000,0x00000000c23cc918,0x00000000cc800000)
 Metaspace       used 62634K, capacity 64690K, committed 64984K, reserved 1105920K
  class space    used 8436K, capacity 8941K, committed 8960K, reserved 1048576K
}
Event: 13.875 GC heap before
{Heap before GC invocations=13 (full 3):
 PSYoungGen      total 224256K, used 217616K [0x00000000eab00000, 0x00000000fb700000, 0x0000000100000000)
  eden space 201728K, 100% used [0x00000000eab00000,0x00000000f7000000,0x00000000f7000000)
  from space 22528K, 70% used [0x00000000f7000000,0x00000000f7f84298,0x00000000f8600000)
  to   space 23040K, 0% used [0x00000000fa080000,0x00000000fa080000,0x00000000fb700000)
 ParOldGen       total 204800K, used 36658K [0x00000000c0000000, 0x00000000cc800000, 0x00000000eab00000)
  object space 204800K, 17% used [0x00000000c0000000,0x00000000c23cc918,0x00000000cc800000)
 Metaspace       used 64887K, capacity 66918K, committed 67288K, reserved 1107968K
  class space    used 8646K, capacity 9121K, committed 9216K, reserved 1048576K
Event: 13.886 GC heap after
Heap after GC invocations=13 (full 3):
 PSYoungGen      total 242176K, used 14173K [0x00000000eab00000, 0x00000000fb200000, 0x0000000100000000)
  eden space 224256K, 0% used [0x00000000eab00000,0x00000000eab00000,0x00000000f8600000)
  from space 17920K, 79% used [0x00000000fa080000,0x00000000fae575d0,0x00000000fb200000)
  to   space 22528K, 0% used [0x00000000f8600000,0x00000000f8600000,0x00000000f9c00000)
 ParOldGen       total 204800K, used 36666K [0x00000000c0000000, 0x00000000cc800000, 0x00000000eab00000)
  object space 204800K, 17% used [0x00000000c0000000,0x00000000c23ce918,0x00000000cc800000)
 Metaspace       used 64887K, capacity 66918K, committed 67288K, reserved 1107968K
  class space    used 8646K, capacity 9121K, committed 9216K, reserved 1048576K
}

