# JRE version: OpenJDK Runtime Environment (8.0_152-b01) (build 1.8.0_152-release-1343-b01)
# Java VM: OpenJDK 64-Bit Server VM (25.152-b01 mixed mode windows-amd64 compressed oops)
Heap:
 PSYoungGen      total 318976K, used 130831K [0x00000000eab00000, 0x00000000ffc80000, 0x0000000100000000)
  eden space 296448K, 39% used [0x00000000eab00000,0x00000000f1e18e38,0x00000000fcc80000)
  from space 22528K, 57% used [0x00000000fe680000,0x00000000ff32b090,0x00000000ffc80000)
  to   space 24576K, 0% used [0x00000000fcc80000,0x00000000fcc80000,0x00000000fe480000)
 ParOldGen       total 265216K, used 163829K [0x00000000c0000000, 0x00000000d0300000, 0x00000000eab00000)
  object space 265216K, 61% used [0x00000000c0000000,0x00000000c9ffd690,0x00000000d0300000)
 Metaspace       used 99774K, capacity 104220K, committed 104344K, reserved 1140736K
  class space    used 12484K, capacity 13397K, committed 13480K, reserved 1048576K
GC Heap History (10 events):
Event: 1034.653 GC heap before
{Heap before GC invocations=44 (full 4):
 PSYoungGen      total 313856K, used 289364K [0x00000000eab00000, 0x0000000100000000, 0x0000000100000000)
  eden space 283136K, 100% used [0x00000000eab00000,0x00000000fbf80000,0x00000000fbf80000)
  from space 30720K, 20% used [0x00000000fbf80000,0x00000000fc595070,0x00000000fdd80000)
  to   space 30208K, 0% used [0x00000000fe280000,0x00000000fe280000,0x0000000100000000)
 ParOldGen       total 265216K, used 123863K [0x00000000c0000000, 0x00000000d0300000, 0x00000000eab00000)
  object space 265216K, 46% used [0x00000000c0000000,0x00000000c78f5dc0,0x00000000d0300000)
 Metaspace       used 99752K, capacity 104212K, committed 104344K, reserved 1140736K
  class space    used 12482K, capacity 13395K, committed 13480K, reserved 1048576K
Event: 1034.681 GC heap after
Heap after GC invocations=44 (full 4):
 PSYoungGen      total 315904K, used 10970K [0x00000000eab00000, 0x00000000ffd80000, 0x0000000100000000)
  eden space 288256K, 0% used [0x00000000eab00000,0x00000000eab00000,0x00000000fc480000)
  from space 27648K, 39% used [0x00000000fe280000,0x00000000fed36bd8,0x00000000ffd80000)
  to   space 29184K, 0% used [0x00000000fc480000,0x00000000fc480000,0x00000000fe100000)
 ParOldGen       total 265216K, used 129771K [0x00000000c0000000, 0x00000000d0300000, 0x00000000eab00000)
  object space 265216K, 48% used [0x00000000c0000000,0x00000000c7ebaf28,0x00000000d0300000)
 Metaspace       used 99752K, capacity 104212K, committed 104344K, reserved 1140736K
  class space    used 12482K, capacity 13395K, committed 13480K, reserved 1048576K
}
Event: 1035.116 GC heap before
{Heap before GC invocations=45 (full 4):
 PSYoungGen      total 315904K, used 299226K [0x00000000eab00000, 0x00000000ffd80000, 0x0000000100000000)
  eden space 288256K, 100% used [0x00000000eab00000,0x00000000fc480000,0x00000000fc480000)
  from space 27648K, 39% used [0x00000000fe280000,0x00000000fed36bd8,0x00000000ffd80000)
  to   space 29184K, 0% used [0x00000000fc480000,0x00000000fc480000,0x00000000fe100000)
 ParOldGen       total 265216K, used 129771K [0x00000000c0000000, 0x00000000d0300000, 0x00000000eab00000)
  object space 265216K, 48% used [0x00000000c0000000,0x00000000c7ebaf28,0x00000000d0300000)
 Metaspace       used 99760K, capacity 104220K, committed 104344K, reserved 1140736K
  class space    used 12483K, capacity 13397K, committed 13480K, reserved 1048576K
Event: 1035.148 GC heap after
Heap after GC invocations=45 (full 4):
 PSYoungGen      total 317440K, used 12148K [0x00000000eab00000, 0x00000000ffe80000, 0x0000000100000000)
  eden space 288256K, 0% used [0x00000000eab00000,0x00000000eab00000,0x00000000fc480000)
  from space 29184K, 41% used [0x00000000fc480000,0x00000000fd05d168,0x00000000fe100000)
  to   space 27648K, 0% used [0x00000000fe380000,0x00000000fe380000,0x00000000ffe80000)
 ParOldGen       total 265216K, used 135910K [0x00000000c0000000, 0x00000000d0300000, 0x00000000eab00000)
  object space 265216K, 51% used [0x00000000c0000000,0x00000000c84b9bb8,0x00000000d0300000)
 Metaspace       used 99760K, capacity 104220K, committed 104344K, reserved 1140736K
  class space    used 12483K, capacity 13397K, committed 13480K, reserved 1048576K
}
Event: 1035.520 GC heap before
{Heap before GC invocations=46 (full 4):
 PSYoungGen      total 317440K, used 300404K [0x00000000eab00000, 0x00000000ffe80000, 0x0000000100000000)
  eden space 288256K, 100% used [0x00000000eab00000,0x00000000fc480000,0x00000000fc480000)
  from space 29184K, 41% used [0x00000000fc480000,0x00000000fd05d168,0x00000000fe100000)
  to   space 27648K, 0% used [0x00000000fe380000,0x00000000fe380000,0x00000000ffe80000)
 ParOldGen       total 265216K, used 135910K [0x00000000c0000000, 0x00000000d0300000, 0x00000000eab00000)
  object space 265216K, 51% used [0x00000000c0000000,0x00000000c84b9bb8,0x00000000d0300000)
 Metaspace       used 99765K, capacity 104220K, committed 104344K, reserved 1140736K
  class space    used 12483K, capacity 13397K, committed 13480K, reserved 1048576K
Event: 1035.539 GC heap after
Heap after GC invocations=46 (full 4):
 PSYoungGen      total 317952K, used 9980K [0x00000000eab00000, 0x00000000ffc80000, 0x0000000100000000)
  eden space 292352K, 0% used [0x00000000eab00000,0x00000000eab00000,0x00000000fc880000)
  from space 25600K, 38% used [0x00000000fe380000,0x00000000fed3f090,0x00000000ffc80000)
  to   space 26624K, 0% used [0x00000000fc880000,0x00000000fc880000,0x00000000fe280000)
 ParOldGen       total 265216K, used 146539K [0x00000000c0000000, 0x00000000d0300000, 0x00000000eab00000)
  object space 265216K, 55% used [0x00000000c0000000,0x00000000c8f1af00,0x00000000d0300000)
 Metaspace       used 99765K, capacity 104220K, committed 104344K, reserved 1140736K
  class space    used 12483K, capacity 13397K, committed 13480K, reserved 1048576K
}
Event: 1035.846 GC heap before
{Heap before GC invocations=47 (full 4):
 PSYoungGen      total 317952K, used 302332K [0x00000000eab00000, 0x00000000ffc80000, 0x0000000100000000)
  eden space 292352K, 100% used [0x00000000eab00000,0x00000000fc880000,0x00000000fc880000)
  from space 25600K, 38% used [0x00000000fe380000,0x00000000fed3f090,0x00000000ffc80000)
  to   space 26624K, 0% used [0x00000000fc880000,0x00000000fc880000,0x00000000fe280000)
 ParOldGen       total 265216K, used 146539K [0x00000000c0000000, 0x00000000d0300000, 0x00000000eab00000)
  object space 265216K, 55% used [0x00000000c0000000,0x00000000c8f1af00,0x00000000d0300000)
 Metaspace       used 99769K, capacity 104220K, committed 104344K, reserved 1140736K
  class space    used 12483K, capacity 13397K, committed 13480K, reserved 1048576K
Event: 1035.871 GC heap after
Heap after GC invocations=47 (full 4):
 PSYoungGen      total 318976K, used 14709K [0x00000000eab00000, 0x0000000100000000, 0x0000000100000000)
  eden space 292352K, 0% used [0x00000000eab00000,0x00000000eab00000,0x00000000fc880000)
  from space 26624K, 55% used [0x00000000fc880000,0x00000000fd6dd5e0,0x00000000fe280000)
  to   space 26112K, 0% used [0x00000000fe680000,0x00000000fe680000,0x0000000100000000)
 ParOldGen       total 265216K, used 153562K [0x00000000c0000000, 0x00000000d0300000, 0x00000000eab00000)
  object space 265216K, 57% used [0x00000000c0000000,0x00000000c95f6940,0x00000000d0300000)
 Metaspace       used 99769K, capacity 104220K, committed 104344K, reserved 1140736K
  class space    used 12483K, capacity 13397K, committed 13480K, reserved 1048576K
}
Event: 1036.200 GC heap before
{Heap before GC invocations=48 (full 4):
 PSYoungGen      total 318976K, used 307061K [0x00000000eab00000, 0x0000000100000000, 0x0000000100000000)
  eden space 292352K, 100% used [0x00000000eab00000,0x00000000fc880000,0x00000000fc880000)
  from space 26624K, 55% used [0x00000000fc880000,0x00000000fd6dd5e0,0x00000000fe280000)
  to   space 26112K, 0% used [0x00000000fe680000,0x00000000fe680000,0x0000000100000000)
 ParOldGen       total 265216K, used 153562K [0x00000000c0000000, 0x00000000d0300000, 0x00000000eab00000)
  object space 265216K, 57% used [0x00000000c0000000,0x00000000c95f6940,0x00000000d0300000)
 Metaspace       used 99773K, capacity 104220K, committed 104344K, reserved 1140736K
  class space    used 12484K, capacity 13397K, committed 13480K, reserved 1048576K
Event: 1036.227 GC heap after
Heap after GC invocations=48 (full 4):
 PSYoungGen      total 318976K, used 12972K [0x00000000eab00000, 0x00000000ffc80000, 0x0000000100000000)
  eden space 296448K, 0% used [0x00000000eab00000,0x00000000eab00000,0x00000000fcc80000)
  from space 22528K, 57% used [0x00000000fe680000,0x00000000ff32b090,0x00000000ffc80000)
  to   space 24576K, 0% used [0x00000000fcc80000,0x00000000fcc80000,0x00000000fe480000)
 ParOldGen       total 265216K, used 163829K [0x00000000c0000000, 0x00000000d0300000, 0x00000000eab00000)
  object space 265216K, 61% used [0x00000000c0000000,0x00000000c9ffd690,0x00000000d0300000)
 Metaspace       used 99773K, capacity 104220K, committed 104344K, reserved 1140736K
  class space    used 12484K, capacity 13397K, committed 13480K, reserved 1048576K
}

