# JRE version: OpenJDK Runtime Environment (8.0_152-b01) (build 1.8.0_152-release-1343-b01)
# Java VM: OpenJDK 64-Bit Server VM (25.152-b01 mixed mode windows-amd64 compressed oops)
Heap:
 PSYoungGen      total 259584K, used 259574K [0x00000000eab00000, 0x0000000100000000, 0x0000000100000000)
  eden space 201728K, 100% used [0x00000000eab00000,0x00000000f7000000,0x00000000f7000000)
  from space 57856K, 99% used [0x00000000fc780000,0x00000000ffffdbd0,0x0000000100000000)
  to   space 73728K, 44% used [0x00000000f7000000,0x00000000f901a270,0x00000000fb800000)
 ParOldGen       total 419328K, used 174900K [0x00000000c0000000, 0x00000000d9980000, 0x00000000eab00000)
  object space 419328K, 41% used [0x00000000c0000000,0x00000000caacd248,0x00000000d9980000)
 Metaspace       used 163937K, capacity 173358K, committed 177432K, reserved 1204224K
  class space    used 19655K, capacity 21351K, committed 22056K, reserved 1048576K
GC Heap History (10 events):
Event: 50472.960 GC heap after
Heap after GC invocations=151 (full 5):
 PSYoungGen      total 291840K, used 38451K [0x00000000eab00000, 0x0000000100000000, 0x0000000100000000)
  eden space 237568K, 0% used [0x00000000eab00000,0x00000000eab00000,0x00000000f9300000)
  from space 54272K, 70% used [0x00000000fcb00000,0x00000000ff08cc10,0x0000000100000000)
  to   space 55808K, 0% used [0x00000000f9300000,0x00000000f9300000,0x00000000fc980000)
 ParOldGen       total 419328K, used 127130K [0x00000000c0000000, 0x00000000d9980000, 0x00000000eab00000)
  object space 419328K, 30% used [0x00000000c0000000,0x00000000c7c268c0,0x00000000d9980000)
 Metaspace       used 163847K, capacity 173266K, committed 177176K, reserved 1204224K
  class space    used 19653K, capacity 21349K, committed 22056K, reserved 1048576K
}
Event: 50474.015 GC heap before
{Heap before GC invocations=152 (full 5):
 PSYoungGen      total 291840K, used 276019K [0x00000000eab00000, 0x0000000100000000, 0x0000000100000000)
  eden space 237568K, 100% used [0x00000000eab00000,0x00000000f9300000,0x00000000f9300000)
  from space 54272K, 70% used [0x00000000fcb00000,0x00000000ff08cc10,0x0000000100000000)
  to   space 55808K, 0% used [0x00000000f9300000,0x00000000f9300000,0x00000000fc980000)
 ParOldGen       total 419328K, used 127131K [0x00000000c0000000, 0x00000000d9980000, 0x00000000eab00000)
  object space 419328K, 30% used [0x00000000c0000000,0x00000000c7c26fd0,0x00000000d9980000)
 Metaspace       used 163871K, capacity 173294K, committed 177176K, reserved 1204224K
  class space    used 19654K, capacity 21351K, committed 22056K, reserved 1048576K
Event: 50474.059 GC heap after
Heap after GC invocations=152 (full 5):
 PSYoungGen      total 276992K, used 39139K [0x00000000eab00000, 0x0000000100000000, 0x0000000100000000)
  eden space 237568K, 0% used [0x00000000eab00000,0x00000000eab00000,0x00000000f9300000)
  from space 39424K, 99% used [0x00000000f9300000,0x00000000fb938d20,0x00000000fb980000)
  to   space 57344K, 0% used [0x00000000fc800000,0x00000000fc800000,0x0000000100000000)
 ParOldGen       total 419328K, used 127139K [0x00000000c0000000, 0x00000000d9980000, 0x00000000eab00000)
  object space 419328K, 30% used [0x00000000c0000000,0x00000000c7c28fd0,0x00000000d9980000)
 Metaspace       used 163871K, capacity 173294K, committed 177176K, reserved 1204224K
  class space    used 19654K, capacity 21351K, committed 22056K, reserved 1048576K
}
Event: 50474.292 GC heap before
{Heap before GC invocations=153 (full 5):
 PSYoungGen      total 276992K, used 276707K [0x00000000eab00000, 0x0000000100000000, 0x0000000100000000)
  eden space 237568K, 100% used [0x00000000eab00000,0x00000000f9300000,0x00000000f9300000)
  from space 39424K, 99% used [0x00000000f9300000,0x00000000fb938d20,0x00000000fb980000)
  to   space 57344K, 0% used [0x00000000fc800000,0x00000000fc800000,0x0000000100000000)
 ParOldGen       total 419328K, used 127141K [0x00000000c0000000, 0x00000000d9980000, 0x00000000eab00000)
  object space 419328K, 30% used [0x00000000c0000000,0x00000000c7c297c8,0x00000000d9980000)
 Metaspace       used 163910K, capacity 173358K, committed 177432K, reserved 1204224K
  class space    used 19655K, capacity 21351K, committed 22056K, reserved 1048576K
Event: 50474.328 GC heap after
Heap after GC invocations=153 (full 5):
 PSYoungGen      total 291840K, used 37503K [0x00000000eab00000, 0x0000000100000000, 0x0000000100000000)
  eden space 234496K, 0% used [0x00000000eab00000,0x00000000eab00000,0x00000000f9000000)
  from space 57344K, 65% used [0x00000000fc800000,0x00000000fec9ff68,0x0000000100000000)
  to   space 57344K, 0% used [0x00000000f9000000,0x00000000f9000000,0x00000000fc800000)
 ParOldGen       total 419328K, used 127205K [0x00000000c0000000, 0x00000000d9980000, 0x00000000eab00000)
  object space 419328K, 30% used [0x00000000c0000000,0x00000000c7c397c8,0x00000000d9980000)
 Metaspace       used 163910K, capacity 173358K, committed 177432K, reserved 1204224K
  class space    used 19655K, capacity 21351K, committed 22056K, reserved 1048576K
}
Event: 50474.706 GC heap before
{Heap before GC invocations=154 (full 5):
 PSYoungGen      total 291840K, used 271999K [0x00000000eab00000, 0x0000000100000000, 0x0000000100000000)
  eden space 234496K, 100% used [0x00000000eab00000,0x00000000f9000000,0x00000000f9000000)
  from space 57344K, 65% used [0x00000000fc800000,0x00000000fec9ff68,0x0000000100000000)
  to   space 57344K, 0% used [0x00000000f9000000,0x00000000f9000000,0x00000000fc800000)
 ParOldGen       total 419328K, used 127208K [0x00000000c0000000, 0x00000000d9980000, 0x00000000eab00000)
  object space 419328K, 30% used [0x00000000c0000000,0x00000000c7c3a1e8,0x00000000d9980000)
 Metaspace       used 163917K, capacity 173358K, committed 177432K, reserved 1204224K
  class space    used 19655K, capacity 21351K, committed 22056K, reserved 1048576K
Event: 50474.768 GC heap after
Heap after GC invocations=154 (full 5):
 PSYoungGen      total 272896K, used 38241K [0x00000000eab00000, 0x0000000100000000, 0x0000000100000000)
  eden space 234496K, 0% used [0x00000000eab00000,0x00000000eab00000,0x00000000f9000000)
  from space 38400K, 99% used [0x00000000f9000000,0x00000000fb5586f0,0x00000000fb580000)
  to   space 57856K, 0% used [0x00000000fc780000,0x00000000fc780000,0x0000000100000000)
 ParOldGen       total 419328K, used 127360K [0x00000000c0000000, 0x00000000d9980000, 0x00000000eab00000)
  object space 419328K, 30% used [0x00000000c0000000,0x00000000c7c601e8,0x00000000d9980000)
 Metaspace       used 163917K, capacity 173358K, committed 177432K, reserved 1204224K
  class space    used 19655K, capacity 21351K, committed 22056K, reserved 1048576K
}
Event: 50476.285 GC heap before
{Heap before GC invocations=155 (full 5):
 PSYoungGen      total 272896K, used 272737K [0x00000000eab00000, 0x0000000100000000, 0x0000000100000000)
  eden space 234496K, 100% used [0x00000000eab00000,0x00000000f9000000,0x00000000f9000000)
  from space 38400K, 99% used [0x00000000f9000000,0x00000000fb5586f0,0x00000000fb580000)
  to   space 57856K, 0% used [0x00000000fc780000,0x00000000fc780000,0x0000000100000000)
 ParOldGen       total 419328K, used 127360K [0x00000000c0000000, 0x00000000d9980000, 0x00000000eab00000)
  object space 419328K, 30% used [0x00000000c0000000,0x00000000c7c601e8,0x00000000d9980000)
 Metaspace       used 163921K, capacity 173358K, committed 177432K, reserved 1204224K
  class space    used 19655K, capacity 21351K, committed 22056K, reserved 1048576K
Event: 50476.358 GC heap after
Heap after GC invocations=155 (full 5):
 PSYoungGen      total 259584K, used 57846K [0x00000000eab00000, 0x0000000100000000, 0x0000000100000000)
  eden space 201728K, 0% used [0x00000000eab00000,0x00000000eab00000,0x00000000f7000000)
  from space 57856K, 99% used [0x00000000fc780000,0x00000000ffffdbd0,0x0000000100000000)
  to   space 73728K, 0% used [0x00000000f7000000,0x00000000f7000000,0x00000000fb800000)
 ParOldGen       total 419328K, used 150440K [0x00000000c0000000, 0x00000000d9980000, 0x00000000eab00000)
  object space 419328K, 35% used [0x00000000c0000000,0x00000000c92ea0e0,0x00000000d9980000)
 Metaspace       used 163921K, capacity 173358K, committed 177432K, reserved 1204224K
  class space    used 19655K, capacity 21351K, committed 22056K, reserved 1048576K
}
Event: 50477.528 GC heap before
{Heap before GC invocations=156 (full 5):
 PSYoungGen      total 259584K, used 259574K [0x00000000eab00000, 0x0000000100000000, 0x0000000100000000)
  eden space 201728K, 100% used [0x00000000eab00000,0x00000000f7000000,0x00000000f7000000)
  from space 57856K, 99% used [0x00000000fc780000,0x00000000ffffdbd0,0x0000000100000000)
  to   space 73728K, 0% used [0x00000000f7000000,0x00000000f7000000,0x00000000fb800000)
 ParOldGen       total 419328K, used 150440K [0x00000000c0000000, 0x00000000d9980000, 0x00000000eab00000)
  object space 419328K, 35% used [0x00000000c0000000,0x00000000c92ea0e0,0x00000000d9980000)
 Metaspace       used 163937K, capacity 173358K, committed 177432K, reserved 1204224K
  class space    used 19655K, capacity 21351K, committed 22056K, reserved 1048576K

