# JRE version: OpenJDK Runtime Environment (8.0_152-b01) (build 1.8.0_152-release-1343-b01)
# Java VM: OpenJDK 64-Bit Server VM (25.152-b01 mixed mode windows-amd64 compressed oops)
Heap:
 PSYoungGen      total 301056K, used 48126K [0x00000000eab00000, 0x0000000100000000, 0x0000000100000000)
  eden space 252928K, 0% used [0x00000000eab00000,0x00000000eab00000,0x00000000fa200000)
  from space 48128K, 99% used [0x00000000fa200000,0x00000000fd0ff9c0,0x00000000fd100000)
  to   space 48128K, 0% used [0x00000000fd100000,0x00000000fd100000,0x0000000100000000)
 ParOldGen       total 216064K, used 197099K [0x00000000c0000000, 0x00000000cd300000, 0x00000000eab00000)
  object space 216064K, 91% used [0x00000000c0000000,0x00000000cc07afc8,0x00000000cd300000)
 Metaspace       used 92619K, capacity 97328K, committed 97536K, reserved 1134592K
  class space    used 11865K, capacity 12747K, committed 12800K, reserved 1048576K
GC Heap History (10 events):
Event: 28.444 GC heap after
Heap after GC invocations=36 (full 3):
 PSYoungGen      total 312832K, used 14703K [0x00000000eab00000, 0x00000000ffd80000, 0x0000000100000000)
  eden space 281088K, 0% used [0x00000000eab00000,0x00000000eab00000,0x00000000fbd80000)
  from space 31744K, 46% used [0x00000000fbd80000,0x00000000fcbdbfb8,0x00000000fdc80000)
  to   space 30208K, 0% used [0x00000000fe000000,0x00000000fe000000,0x00000000ffd80000)
 ParOldGen       total 216064K, used 84422K [0x00000000c0000000, 0x00000000cd300000, 0x00000000eab00000)
  object space 216064K, 39% used [0x00000000c0000000,0x00000000c5271b08,0x00000000cd300000)
 Metaspace       used 91894K, capacity 96520K, committed 96640K, reserved 1132544K
  class space    used 11806K, capacity 12653K, committed 12672K, reserved 1048576K
}
Event: 28.829 GC heap before
{Heap before GC invocations=37 (full 3):
 PSYoungGen      total 312832K, used 295791K [0x00000000eab00000, 0x00000000ffd80000, 0x0000000100000000)
  eden space 281088K, 100% used [0x00000000eab00000,0x00000000fbd80000,0x00000000fbd80000)
  from space 31744K, 46% used [0x00000000fbd80000,0x00000000fcbdbfb8,0x00000000fdc80000)
  to   space 30208K, 0% used [0x00000000fe000000,0x00000000fe000000,0x00000000ffd80000)
 ParOldGen       total 216064K, used 84422K [0x00000000c0000000, 0x00000000cd300000, 0x00000000eab00000)
  object space 216064K, 39% used [0x00000000c0000000,0x00000000c5271b08,0x00000000cd300000)
 Metaspace       used 91922K, capacity 96520K, committed 96640K, reserved 1132544K
  class space    used 11806K, capacity 12653K, committed 12672K, reserved 1048576K
Event: 28.844 GC heap after
Heap after GC invocations=37 (full 3):
 PSYoungGen      total 316928K, used 11812K [0x00000000eab00000, 0x00000000ffd80000, 0x0000000100000000)
  eden space 286720K, 0% used [0x00000000eab00000,0x00000000eab00000,0x00000000fc300000)
  from space 30208K, 39% used [0x00000000fe000000,0x00000000feb892f8,0x00000000ffd80000)
  to   space 29696K, 0% used [0x00000000fc300000,0x00000000fc300000,0x00000000fe000000)
 ParOldGen       total 216064K, used 84446K [0x00000000c0000000, 0x00000000cd300000, 0x00000000eab00000)
  object space 216064K, 39% used [0x00000000c0000000,0x00000000c5277b08,0x00000000cd300000)
 Metaspace       used 91922K, capacity 96520K, committed 96640K, reserved 1132544K
  class space    used 11806K, capacity 12653K, committed 12672K, reserved 1048576K
}
Event: 29.220 GC heap before
{Heap before GC invocations=38 (full 3):
 PSYoungGen      total 316928K, used 298532K [0x00000000eab00000, 0x00000000ffd80000, 0x0000000100000000)
  eden space 286720K, 100% used [0x00000000eab00000,0x00000000fc300000,0x00000000fc300000)
  from space 30208K, 39% used [0x00000000fe000000,0x00000000feb892f8,0x00000000ffd80000)
  to   space 29696K, 0% used [0x00000000fc300000,0x00000000fc300000,0x00000000fe000000)
 ParOldGen       total 216064K, used 84446K [0x00000000c0000000, 0x00000000cd300000, 0x00000000eab00000)
  object space 216064K, 39% used [0x00000000c0000000,0x00000000c5277b08,0x00000000cd300000)
 Metaspace       used 91950K, capacity 96584K, committed 96640K, reserved 1132544K
  class space    used 11806K, capacity 12653K, committed 12672K, reserved 1048576K
Event: 29.231 GC heap after
Heap after GC invocations=38 (full 3):
 PSYoungGen      total 316416K, used 10490K [0x00000000eab00000, 0x00000000ffd80000, 0x0000000100000000)
  eden space 286720K, 0% used [0x00000000eab00000,0x00000000eab00000,0x00000000fc300000)
  from space 29696K, 35% used [0x00000000fc300000,0x00000000fcd3eb60,0x00000000fe000000)
  to   space 28672K, 0% used [0x00000000fe180000,0x00000000fe180000,0x00000000ffd80000)
 ParOldGen       total 216064K, used 84454K [0x00000000c0000000, 0x00000000cd300000, 0x00000000eab00000)
  object space 216064K, 39% used [0x00000000c0000000,0x00000000c5279b08,0x00000000cd300000)
 Metaspace       used 91950K, capacity 96584K, committed 96640K, reserved 1132544K
  class space    used 11806K, capacity 12653K, committed 12672K, reserved 1048576K
}
Event: 30.702 GC heap before
{Heap before GC invocations=39 (full 3):
 PSYoungGen      total 316416K, used 297210K [0x00000000eab00000, 0x00000000ffd80000, 0x0000000100000000)
  eden space 286720K, 100% used [0x00000000eab00000,0x00000000fc300000,0x00000000fc300000)
  from space 29696K, 35% used [0x00000000fc300000,0x00000000fcd3eb60,0x00000000fe000000)
  to   space 28672K, 0% used [0x00000000fe180000,0x00000000fe180000,0x00000000ffd80000)
 ParOldGen       total 216064K, used 84454K [0x00000000c0000000, 0x00000000cd300000, 0x00000000eab00000)
  object space 216064K, 39% used [0x00000000c0000000,0x00000000c5279b08,0x00000000cd300000)
 Metaspace       used 92221K, capacity 96866K, committed 97024K, reserved 1134592K
  class space    used 11832K, capacity 12696K, committed 12800K, reserved 1048576K
Event: 30.748 GC heap after
Heap after GC invocations=39 (full 3):
 PSYoungGen      total 281600K, used 28645K [0x00000000eab00000, 0x0000000100000000, 0x0000000100000000)
  eden space 252928K, 0% used [0x00000000eab00000,0x00000000eab00000,0x00000000fa200000)
  from space 28672K, 99% used [0x00000000fe180000,0x00000000ffd79498,0x00000000ffd80000)
  to   space 48128K, 0% used [0x00000000fa200000,0x00000000fa200000,0x00000000fd100000)
 ParOldGen       total 216064K, used 126732K [0x00000000c0000000, 0x00000000cd300000, 0x00000000eab00000)
  object space 216064K, 58% used [0x00000000c0000000,0x00000000c7bc3130,0x00000000cd300000)
 Metaspace       used 92221K, capacity 96866K, committed 97024K, reserved 1134592K
  class space    used 11832K, capacity 12696K, committed 12800K, reserved 1048576K
}
Event: 31.997 GC heap before
{Heap before GC invocations=40 (full 3):
 PSYoungGen      total 281600K, used 281337K [0x00000000eab00000, 0x0000000100000000, 0x0000000100000000)
  eden space 252928K, 99% used [0x00000000eab00000,0x00000000fa1c5360,0x00000000fa200000)
  from space 28672K, 99% used [0x00000000fe180000,0x00000000ffd79498,0x00000000ffd80000)
  to   space 48128K, 0% used [0x00000000fa200000,0x00000000fa200000,0x00000000fd100000)
 ParOldGen       total 216064K, used 126732K [0x00000000c0000000, 0x00000000cd300000, 0x00000000eab00000)
  object space 216064K, 58% used [0x00000000c0000000,0x00000000c7bc3130,0x00000000cd300000)
 Metaspace       used 92619K, capacity 97328K, committed 97536K, reserved 1134592K
  class space    used 11865K, capacity 12747K, committed 12800K, reserved 1048576K
Event: 32.095 GC heap after
Heap after GC invocations=40 (full 3):
 PSYoungGen      total 301056K, used 48126K [0x00000000eab00000, 0x0000000100000000, 0x0000000100000000)
  eden space 252928K, 0% used [0x00000000eab00000,0x00000000eab00000,0x00000000fa200000)
  from space 48128K, 99% used [0x00000000fa200000,0x00000000fd0ff9c0,0x00000000fd100000)
  to   space 48128K, 0% used [0x00000000fd100000,0x00000000fd100000,0x0000000100000000)
 ParOldGen       total 216064K, used 197099K [0x00000000c0000000, 0x00000000cd300000, 0x00000000eab00000)
  object space 216064K, 91% used [0x00000000c0000000,0x00000000cc07afc8,0x00000000cd300000)
 Metaspace       used 92619K, capacity 97328K, committed 97536K, reserved 1134592K
  class space    used 11865K, capacity 12747K, committed 12800K, reserved 1048576K
}
Event: 32.095 GC heap before
{Heap before GC invocations=41 (full 4):
 PSYoungGen      total 301056K, used 48126K [0x00000000eab00000, 0x0000000100000000, 0x0000000100000000)
  eden space 252928K, 0% used [0x00000000eab00000,0x00000000eab00000,0x00000000fa200000)
  from space 48128K, 99% used [0x00000000fa200000,0x00000000fd0ff9c0,0x00000000fd100000)
  to   space 48128K, 0% used [0x00000000fd100000,0x00000000fd100000,0x0000000100000000)
 ParOldGen       total 216064K, used 197099K [0x00000000c0000000, 0x00000000cd300000, 0x00000000eab00000)
  object space 216064K, 91% used [0x00000000c0000000,0x00000000cc07afc8,0x00000000cd300000)
 Metaspace       used 92619K, capacity 97328K, committed 97536K, reserved 1134592K
  class space    used 11865K, capacity 12747K, committed 12800K, reserved 1048576K

