# JRE version: OpenJDK Runtime Environment (8.0_152-b01) (build 1.8.0_152-release-1343-b01)
# Java VM: OpenJDK 64-Bit Server VM (25.152-b01 mixed mode windows-amd64 compressed oops)
Heap:
 PSYoungGen      total 322560K, used 9388K [0x00000000eab00000, 0x00000000ffe80000, 0x0000000100000000)
  eden space 298496K, 0% used [0x00000000eab00000,0x00000000eab00000,0x00000000fce80000)
  from space 24064K, 39% used [0x00000000fce80000,0x00000000fd7ab360,0x00000000fe600000)
  to   space 23040K, 0% used [0x00000000fe800000,0x00000000fe800000,0x00000000ffe80000)
 ParOldGen       total 444928K, used 432040K [0x00000000c0000000, 0x00000000db280000, 0x00000000eab00000)
  object space 444928K, 97% used [0x00000000c0000000,0x00000000da5ea3f0,0x00000000db280000)
 Metaspace       used 106710K, capacity 111650K, committed 112024K, reserved 1146880K
  class space    used 13149K, capacity 14140K, committed 14232K, reserved 1048576K
GC Heap History (10 events):
Event: 779.205 GC heap after
Heap after GC invocations=98 (full 5):
 PSYoungGen      total 317440K, used 3536K [0x00000000eab00000, 0x00000000fff80000, 0x0000000100000000)
  eden space 289280K, 0% used [0x00000000eab00000,0x00000000eab00000,0x00000000fc580000)
  from space 28160K, 12% used [0x00000000fc580000,0x00000000fc8f4010,0x00000000fe100000)
  to   space 27648K, 0% used [0x00000000fe480000,0x00000000fe480000,0x00000000fff80000)
 ParOldGen       total 444928K, used 417511K [0x00000000c0000000, 0x00000000db280000, 0x00000000eab00000)
  object space 444928K, 93% used [0x00000000c0000000,0x00000000d97b9c20,0x00000000db280000)
 Metaspace       used 106691K, capacity 111646K, committed 112024K, reserved 1146880K
  class space    used 13149K, capacity 14140K, committed 14232K, reserved 1048576K
}
Event: 779.341 GC heap before
{Heap before GC invocations=99 (full 5):
 PSYoungGen      total 317440K, used 292816K [0x00000000eab00000, 0x00000000fff80000, 0x0000000100000000)
  eden space 289280K, 100% used [0x00000000eab00000,0x00000000fc580000,0x00000000fc580000)
  from space 28160K, 12% used [0x00000000fc580000,0x00000000fc8f4010,0x00000000fe100000)
  to   space 27648K, 0% used [0x00000000fe480000,0x00000000fe480000,0x00000000fff80000)
 ParOldGen       total 444928K, used 417511K [0x00000000c0000000, 0x00000000db280000, 0x00000000eab00000)
  object space 444928K, 93% used [0x00000000c0000000,0x00000000d97b9c20,0x00000000db280000)
 Metaspace       used 106691K, capacity 111646K, committed 112024K, reserved 1146880K
  class space    used 13149K, capacity 14140K, committed 14232K, reserved 1048576K
Event: 779.356 GC heap after
Heap after GC invocations=99 (full 5):
 PSYoungGen      total 317952K, used 9906K [0x00000000eab00000, 0x00000000ffc80000, 0x0000000100000000)
  eden space 293376K, 0% used [0x00000000eab00000,0x00000000eab00000,0x00000000fc980000)
  from space 24576K, 40% used [0x00000000fe480000,0x00000000fee2c818,0x00000000ffc80000)
  to   space 26112K, 0% used [0x00000000fc980000,0x00000000fc980000,0x00000000fe300000)
 ParOldGen       total 444928K, used 419725K [0x00000000c0000000, 0x00000000db280000, 0x00000000eab00000)
  object space 444928K, 94% used [0x00000000c0000000,0x00000000d99e3510,0x00000000db280000)
 Metaspace       used 106691K, capacity 111646K, committed 112024K, reserved 1146880K
  class space    used 13149K, capacity 14140K, committed 14232K, reserved 1048576K
}
Event: 779.566 GC heap before
{Heap before GC invocations=100 (full 5):
 PSYoungGen      total 317952K, used 303282K [0x00000000eab00000, 0x00000000ffc80000, 0x0000000100000000)
  eden space 293376K, 100% used [0x00000000eab00000,0x00000000fc980000,0x00000000fc980000)
  from space 24576K, 40% used [0x00000000fe480000,0x00000000fee2c818,0x00000000ffc80000)
  to   space 26112K, 0% used [0x00000000fc980000,0x00000000fc980000,0x00000000fe300000)
 ParOldGen       total 444928K, used 419725K [0x00000000c0000000, 0x00000000db280000, 0x00000000eab00000)
  object space 444928K, 94% used [0x00000000c0000000,0x00000000d99e3510,0x00000000db280000)
 Metaspace       used 106693K, capacity 111646K, committed 112024K, reserved 1146880K
  class space    used 13149K, capacity 14140K, committed 14232K, reserved 1048576K
Event: 779.578 GC heap after
Heap after GC invocations=100 (full 5):
 PSYoungGen      total 319488K, used 6341K [0x00000000eab00000, 0x00000000ffe80000, 0x0000000100000000)
  eden space 293376K, 0% used [0x00000000eab00000,0x00000000eab00000,0x00000000fc980000)
  from space 26112K, 24% used [0x00000000fc980000,0x00000000fcfb14c0,0x00000000fe300000)
  to   space 24576K, 0% used [0x00000000fe680000,0x00000000fe680000,0x00000000ffe80000)
 ParOldGen       total 444928K, used 425041K [0x00000000c0000000, 0x00000000db280000, 0x00000000eab00000)
  object space 444928K, 95% used [0x00000000c0000000,0x00000000d9f14710,0x00000000db280000)
 Metaspace       used 106693K, capacity 111646K, committed 112024K, reserved 1146880K
  class space    used 13149K, capacity 14140K, committed 14232K, reserved 1048576K
}
Event: 779.767 GC heap before
{Heap before GC invocations=101 (full 5):
 PSYoungGen      total 319488K, used 299717K [0x00000000eab00000, 0x00000000ffe80000, 0x0000000100000000)
  eden space 293376K, 100% used [0x00000000eab00000,0x00000000fc980000,0x00000000fc980000)
  from space 26112K, 24% used [0x00000000fc980000,0x00000000fcfb14c0,0x00000000fe300000)
  to   space 24576K, 0% used [0x00000000fe680000,0x00000000fe680000,0x00000000ffe80000)
 ParOldGen       total 444928K, used 425041K [0x00000000c0000000, 0x00000000db280000, 0x00000000eab00000)
  object space 444928K, 95% used [0x00000000c0000000,0x00000000d9f14710,0x00000000db280000)
 Metaspace       used 106700K, capacity 111646K, committed 112024K, reserved 1146880K
  class space    used 13149K, capacity 14140K, committed 14232K, reserved 1048576K
Event: 779.775 GC heap after
Heap after GC invocations=101 (full 5):
 PSYoungGen      total 322048K, used 4382K [0x00000000eab00000, 0x00000000ffd80000, 0x0000000100000000)
  eden space 298496K, 0% used [0x00000000eab00000,0x00000000eab00000,0x00000000fce80000)
  from space 23552K, 18% used [0x00000000fe680000,0x00000000feac7818,0x00000000ffd80000)
  to   space 24064K, 0% used [0x00000000fce80000,0x00000000fce80000,0x00000000fe600000)
 ParOldGen       total 444928K, used 430340K [0x00000000c0000000, 0x00000000db280000, 0x00000000eab00000)
  object space 444928K, 96% used [0x00000000c0000000,0x00000000da4411e8,0x00000000db280000)
 Metaspace       used 106700K, capacity 111646K, committed 112024K, reserved 1146880K
  class space    used 13149K, capacity 14140K, committed 14232K, reserved 1048576K
}
Event: 779.986 GC heap before
{Heap before GC invocations=102 (full 5):
 PSYoungGen      total 322048K, used 302878K [0x00000000eab00000, 0x00000000ffd80000, 0x0000000100000000)
  eden space 298496K, 100% used [0x00000000eab00000,0x00000000fce80000,0x00000000fce80000)
  from space 23552K, 18% used [0x00000000fe680000,0x00000000feac7818,0x00000000ffd80000)
  to   space 24064K, 0% used [0x00000000fce80000,0x00000000fce80000,0x00000000fe600000)
 ParOldGen       total 444928K, used 430340K [0x00000000c0000000, 0x00000000db280000, 0x00000000eab00000)
  object space 444928K, 96% used [0x00000000c0000000,0x00000000da4411e8,0x00000000db280000)
 Metaspace       used 106710K, capacity 111650K, committed 112024K, reserved 1146880K
  class space    used 13149K, capacity 14140K, committed 14232K, reserved 1048576K
Event: 779.998 GC heap after
Heap after GC invocations=102 (full 5):
 PSYoungGen      total 322560K, used 9388K [0x00000000eab00000, 0x00000000ffe80000, 0x0000000100000000)
  eden space 298496K, 0% used [0x00000000eab00000,0x00000000eab00000,0x00000000fce80000)
  from space 24064K, 39% used [0x00000000fce80000,0x00000000fd7ab360,0x00000000fe600000)
  to   space 23040K, 0% used [0x00000000fe800000,0x00000000fe800000,0x00000000ffe80000)
 ParOldGen       total 444928K, used 432040K [0x00000000c0000000, 0x00000000db280000, 0x00000000eab00000)
  object space 444928K, 97% used [0x00000000c0000000,0x00000000da5ea3f0,0x00000000db280000)
 Metaspace       used 106710K, capacity 111650K, committed 112024K, reserved 1146880K
  class space    used 13149K, capacity 14140K, committed 14232K, reserved 1048576K
}
Event: 779.998 GC heap before
{Heap before GC invocations=103 (full 6):
 PSYoungGen      total 322560K, used 9388K [0x00000000eab00000, 0x00000000ffe80000, 0x0000000100000000)
  eden space 298496K, 0% used [0x00000000eab00000,0x00000000eab00000,0x00000000fce80000)
  from space 24064K, 39% used [0x00000000fce80000,0x00000000fd7ab360,0x00000000fe600000)
  to   space 23040K, 0% used [0x00000000fe800000,0x00000000fe800000,0x00000000ffe80000)
 ParOldGen       total 444928K, used 432040K [0x00000000c0000000, 0x00000000db280000, 0x00000000eab00000)
  object space 444928K, 97% used [0x00000000c0000000,0x00000000da5ea3f0,0x00000000db280000)
 Metaspace       used 106710K, capacity 111650K, committed 112024K, reserved 1146880K
  class space    used 13149K, capacity 14140K, committed 14232K, reserved 1048576K

