# JRE version: OpenJDK Runtime Environment (8.0_152-b01) (build 1.8.0_152-release-1343-b01)
# Java VM: OpenJDK 64-Bit Server VM (25.152-b01 mixed mode windows-amd64 compressed oops)
Heap:
 PSYoungGen      total 317952K, used 187864K [0x00000000eab00000, 0x00000000ffd00000, 0x0000000100000000)
  eden space 291328K, 63% used [0x00000000eab00000,0x00000000f5fee0b8,0x00000000fc780000)
  from space 26624K, 9% used [0x00000000fe100000,0x00000000fe388000,0x00000000ffb00000)
  to   space 26112K, 0% used [0x00000000fc780000,0x00000000fc780000,0x00000000fe100000)
 ParOldGen       total 495104K, used 421910K [0x00000000c0000000, 0x00000000de380000, 0x00000000eab00000)
  object space 495104K, 85% used [0x00000000c0000000,0x00000000d9c05b30,0x00000000de380000)
 Metaspace       used 128842K, capacity 136256K, committed 136472K, reserved 1169408K
  class space    used 15827K, capacity 17116K, committed 17192K, reserved 1048576K
GC Heap History (10 events):
Event: 1676.542 GC heap before
{Heap before GC invocations=243 (full 7):
 PSYoungGen      total 304640K, used 274545K [0x00000000eab00000, 0x00000000ffb00000, 0x0000000100000000)
  eden space 269312K, 100% used [0x00000000eab00000,0x00000000fb200000,0x00000000fb200000)
  from space 35328K, 14% used [0x00000000fb200000,0x00000000fb71c520,0x00000000fd480000)
  to   space 33792K, 0% used [0x00000000fda00000,0x00000000fda00000,0x00000000ffb00000)
 ParOldGen       total 495104K, used 417843K [0x00000000c0000000, 0x00000000de380000, 0x00000000eab00000)
  object space 495104K, 84% used [0x00000000c0000000,0x00000000d980cfa0,0x00000000de380000)
 Metaspace       used 128835K, capacity 136256K, committed 136472K, reserved 1169408K
  class space    used 15827K, capacity 17116K, committed 17192K, reserved 1048576K
Event: 1676.548 GC heap after
Heap after GC invocations=243 (full 7):
 PSYoungGen      total 311296K, used 1312K [0x00000000eab00000, 0x00000000ffc80000, 0x0000000100000000)
  eden space 277504K, 0% used [0x00000000eab00000,0x00000000eab00000,0x00000000fba00000)
  from space 33792K, 3% used [0x00000000fda00000,0x00000000fdb48000,0x00000000ffb00000)
  to   space 32768K, 0% used [0x00000000fba00000,0x00000000fba00000,0x00000000fda00000)
 ParOldGen       total 495104K, used 421910K [0x00000000c0000000, 0x00000000de380000, 0x00000000eab00000)
  object space 495104K, 85% used [0x00000000c0000000,0x00000000d9c05b30,0x00000000de380000)
 Metaspace       used 128835K, capacity 136256K, committed 136472K, reserved 1169408K
  class space    used 15827K, capacity 17116K, committed 17192K, reserved 1048576K
}
Event: 1676.879 GC heap before
{Heap before GC invocations=244 (full 7):
 PSYoungGen      total 311296K, used 278816K [0x00000000eab00000, 0x00000000ffc80000, 0x0000000100000000)
  eden space 277504K, 100% used [0x00000000eab00000,0x00000000fba00000,0x00000000fba00000)
  from space 33792K, 3% used [0x00000000fda00000,0x00000000fdb48000,0x00000000ffb00000)
  to   space 32768K, 0% used [0x00000000fba00000,0x00000000fba00000,0x00000000fda00000)
 ParOldGen       total 495104K, used 421910K [0x00000000c0000000, 0x00000000de380000, 0x00000000eab00000)
  object space 495104K, 85% used [0x00000000c0000000,0x00000000d9c05b30,0x00000000de380000)
 Metaspace       used 128835K, capacity 136256K, committed 136472K, reserved 1169408K
  class space    used 15827K, capacity 17116K, committed 17192K, reserved 1048576K
Event: 1676.885 GC heap after
Heap after GC invocations=244 (full 7):
 PSYoungGen      total 310272K, used 7078K [0x00000000eab00000, 0x00000000ffb00000, 0x0000000100000000)
  eden space 277504K, 0% used [0x00000000eab00000,0x00000000eab00000,0x00000000fba00000)
  from space 32768K, 21% used [0x00000000fba00000,0x00000000fc0e9a18,0x00000000fda00000)
  to   space 30720K, 0% used [0x00000000fdd00000,0x00000000fdd00000,0x00000000ffb00000)
 ParOldGen       total 495104K, used 421910K [0x00000000c0000000, 0x00000000de380000, 0x00000000eab00000)
  object space 495104K, 85% used [0x00000000c0000000,0x00000000d9c05b30,0x00000000de380000)
 Metaspace       used 128835K, capacity 136256K, committed 136472K, reserved 1169408K
  class space    used 15827K, capacity 17116K, committed 17192K, reserved 1048576K
}
Event: 1677.211 GC heap before
{Heap before GC invocations=245 (full 7):
 PSYoungGen      total 310272K, used 284582K [0x00000000eab00000, 0x00000000ffb00000, 0x0000000100000000)
  eden space 277504K, 100% used [0x00000000eab00000,0x00000000fba00000,0x00000000fba00000)
  from space 32768K, 21% used [0x00000000fba00000,0x00000000fc0e9a18,0x00000000fda00000)
  to   space 30720K, 0% used [0x00000000fdd00000,0x00000000fdd00000,0x00000000ffb00000)
 ParOldGen       total 495104K, used 421910K [0x00000000c0000000, 0x00000000de380000, 0x00000000eab00000)
  object space 495104K, 85% used [0x00000000c0000000,0x00000000d9c05b30,0x00000000de380000)
 Metaspace       used 128835K, capacity 136256K, committed 136472K, reserved 1169408K
  class space    used 15827K, capacity 17116K, committed 17192K, reserved 1048576K
Event: 1677.218 GC heap after
Heap after GC invocations=245 (full 7):
 PSYoungGen      total 314368K, used 8034K [0x00000000eab00000, 0x00000000ffa00000, 0x0000000100000000)
  eden space 284672K, 0% used [0x00000000eab00000,0x00000000eab00000,0x00000000fc100000)
  from space 29696K, 27% used [0x00000000fdd00000,0x00000000fe4d8b00,0x00000000ffa00000)
  to   space 28672K, 0% used [0x00000000fc100000,0x00000000fc100000,0x00000000fdd00000)
 ParOldGen       total 495104K, used 421910K [0x00000000c0000000, 0x00000000de380000, 0x00000000eab00000)
  object space 495104K, 85% used [0x00000000c0000000,0x00000000d9c05b30,0x00000000de380000)
 Metaspace       used 128835K, capacity 136256K, committed 136472K, reserved 1169408K
  class space    used 15827K, capacity 17116K, committed 17192K, reserved 1048576K
}
Event: 1677.597 GC heap before
{Heap before GC invocations=246 (full 7):
 PSYoungGen      total 314368K, used 292706K [0x00000000eab00000, 0x00000000ffa00000, 0x0000000100000000)
  eden space 284672K, 100% used [0x00000000eab00000,0x00000000fc100000,0x00000000fc100000)
  from space 29696K, 27% used [0x00000000fdd00000,0x00000000fe4d8b00,0x00000000ffa00000)
  to   space 28672K, 0% used [0x00000000fc100000,0x00000000fc100000,0x00000000fdd00000)
 ParOldGen       total 495104K, used 421910K [0x00000000c0000000, 0x00000000de380000, 0x00000000eab00000)
  object space 495104K, 85% used [0x00000000c0000000,0x00000000d9c05b30,0x00000000de380000)
 Metaspace       used 128837K, capacity 136256K, committed 136472K, reserved 1169408K
  class space    used 15827K, capacity 17116K, committed 17192K, reserved 1048576K
Event: 1677.604 GC heap after
Heap after GC invocations=246 (full 7):
 PSYoungGen      total 313344K, used 8126K [0x00000000eab00000, 0x00000000ffb00000, 0x0000000100000000)
  eden space 284672K, 0% used [0x00000000eab00000,0x00000000eab00000,0x00000000fc100000)
  from space 28672K, 28% used [0x00000000fc100000,0x00000000fc8efb00,0x00000000fdd00000)
  to   space 26624K, 0% used [0x00000000fe100000,0x00000000fe100000,0x00000000ffb00000)
 ParOldGen       total 495104K, used 421910K [0x00000000c0000000, 0x00000000de380000, 0x00000000eab00000)
  object space 495104K, 85% used [0x00000000c0000000,0x00000000d9c05b30,0x00000000de380000)
 Metaspace       used 128837K, capacity 136256K, committed 136472K, reserved 1169408K
  class space    used 15827K, capacity 17116K, committed 17192K, reserved 1048576K
}
Event: 1677.998 GC heap before
{Heap before GC invocations=247 (full 7):
 PSYoungGen      total 313344K, used 292798K [0x00000000eab00000, 0x00000000ffb00000, 0x0000000100000000)
  eden space 284672K, 100% used [0x00000000eab00000,0x00000000fc100000,0x00000000fc100000)
  from space 28672K, 28% used [0x00000000fc100000,0x00000000fc8efb00,0x00000000fdd00000)
  to   space 26624K, 0% used [0x00000000fe100000,0x00000000fe100000,0x00000000ffb00000)
 ParOldGen       total 495104K, used 421910K [0x00000000c0000000, 0x00000000de380000, 0x00000000eab00000)
  object space 495104K, 85% used [0x00000000c0000000,0x00000000d9c05b30,0x00000000de380000)
 Metaspace       used 128842K, capacity 136256K, committed 136472K, reserved 1169408K
  class space    used 15827K, capacity 17116K, committed 17192K, reserved 1048576K
Event: 1678.004 GC heap after
Heap after GC invocations=247 (full 7):
 PSYoungGen      total 317952K, used 2592K [0x00000000eab00000, 0x00000000ffd00000, 0x0000000100000000)
  eden space 291328K, 0% used [0x00000000eab00000,0x00000000eab00000,0x00000000fc780000)
  from space 26624K, 9% used [0x00000000fe100000,0x00000000fe388000,0x00000000ffb00000)
  to   space 26112K, 0% used [0x00000000fc780000,0x00000000fc780000,0x00000000fe100000)
 ParOldGen       total 495104K, used 421910K [0x00000000c0000000, 0x00000000de380000, 0x00000000eab00000)
  object space 495104K, 85% used [0x00000000c0000000,0x00000000d9c05b30,0x00000000de380000)
 Metaspace       used 128842K, capacity 136256K, committed 136472K, reserved 1169408K
  class space    used 15827K, capacity 17116K, committed 17192K, reserved 1048576K
}

